<?xml version="1.0" encoding="UTF-8"?>
<!-- Generated by org.testng.reporters.JUnitReportReporter -->
<testsuite hostname="MuthuramanE" failures="0" tests="5" name="cucumberOptions.TestNGRunner" time="17.184" errors="0" timestamp="2023-10-24T17:18:13 IST" skipped="0">
  <testcase classname="cucumberOptions.TestNGRunner" name="runScenario" time="2.209"/>
  <system-out/>
  <testcase classname="cucumberOptions.TestNGRunner" name="runScenario" time="2.330"/>
  <system-out/>
  <testcase classname="cucumberOptions.TestNGRunner" name="runScenario" time="3.023"/>
  <system-out/>
  <testcase classname="cucumberOptions.TestNGRunner" name="runScenario" time="7.325"/>
  <system-out/>
  <testcase classname="cucumberOptions.TestNGRunner" name="runScenario" time="2.297"/>
  <system-out/>
</testsuite> <!-- cucumberOptions.TestNGRunner -->
